The system is: Linux - 5.10.16.3-microsoft-standard-WSL2 - x86_64
Compiling the C compiler identification source file "CMakeCCompilerId.c" succeeded.
Compiler: /usr/bin/cc 
Build flags: 
Id flags:  

The output was:
0


Compilation of the C compiler identification source "CMakeCCompilerId.c" produced "a.out"

The C compiler identification is GNU, found in "/mnt/c/Users/a/network-hw/cmake-build-debug/CMakeFiles/3.10.2/CompilerIdC/a.out"

Determining if the C compiler works passed with the following output:
Change Dir: /mnt/c/Users/a/network-hw/cmake-build-debug/CMakeFiles/CMakeTmp

Run Build Command:"/usr/bin/make" "cmTC_964a2/fast"
/usr/bin/make -f CMakeFiles/cmTC_964a2.dir/build.make CMakeFiles/cmTC_964a2.dir/build
make[1]: Entering directory '/mnt/c/Users/a/network-hw/cmake-build-debug/CMakeFiles/CMakeTmp'
Building C object CMakeFiles/cmTC_964a2.dir/testCCompiler.c.o
/usr/bin/cc    -o CMakeFiles/cmTC_964a2.dir/testCCompiler.c.o   -c /mnt/c/Users/a/network-hw/cmake-build-debug/CMakeFiles/CMakeTmp/testCCompiler.c
Linking C executable cmTC_964a2
/usr/bin/cmake -E cmake_link_script CMakeFiles/cmTC_964a2.dir/link.txt --verbose=1
/usr/bin/cc      CMakeFiles/cmTC_964a2.dir/testCCompiler.c.o  -o cmTC_964a2 
make[1]: Leaving directory '/mnt/c/Users/a/network-hw/cmake-build-debug/CMakeFiles/CMakeTmp'


